[ 2014-05-21T09:55:31+08:00 ] 0.0.0.0 /guahao_bootstrap_lock/index.php
INFO: [ app_begin ] --START--
INFO: ReadHtmlCache Behavior ::run [ RunTime:0.001983s ]
INFO: [ app_begin ] --END-- [ RunTime:0.002602s ]
SQL: SHOW COLUMNS FROM `j_setting` [ RunTime:0.054424s ]
SQL: SELECT * FROM `j_setting`  [ RunTime:0.007551s ]
INFO: [ view_parse ] --START--
INFO: ParseTemplate Behavior ::run [ RunTime:0.038745s ]
INFO: [ view_parse ] --END-- [ RunTime:0.039015s ]
INFO: [ view_filter ] --START--
INFO: ContentReplace Behavior ::run [ RunTime:0.014279s ]
INFO: TokenBuild Behavior ::run [ RunTime:0.001396s ]
INFO: WriteHtmlCache Behavior ::run [ RunTime:0.001035s ]
INFO: ShowRuntime Behavior ::run [ RunTime:0.001509s ]
INFO: [ view_filter ] --END-- [ RunTime:0.018877s ]
INFO: [ view_end ] --START--
INFO: ShowPageTrace Behavior ::run [ RunTime:0.001629s ]
INFO: [ view_end ] --END-- [ RunTime:0.001905s ]

[ 2014-05-21T09:55:32+08:00 ] 0.0.0.0 /guahao_bootstrap_lock/index.php?m=public&a=verify
INFO: [ app_begin ] --START--
INFO: ReadHtmlCache Behavior ::run [ RunTime:0.000435s ]
INFO: [ app_begin ] --END-- [ RunTime:0.000543s ]
SQL: SHOW COLUMNS FROM `j_setting` [ RunTime:0.004378s ]
SQL: SELECT * FROM `j_setting`  [ RunTime:0.000509s ]
NOTIC: [8] ob_clean() [<a href='ref.outcontrol'>ref.outcontrol</a>]: failed to delete buffer. No buffer to delete D:\wamp\www\guahao_bootstrap_lock\Home\Lib\ORG\Util\Image.class.php 第 558 行.

