[ 2014-05-19T19:45:24+08:00 ] 0.0.0.0 /guahao_bootstrap_lock/index.php?m=room&a=detail&rid=8&name=椎间盘
INFO: [ app_begin ] --START--
INFO: ReadHtmlCache Behavior ::run [ RunTime:0.001350s ]
INFO: [ app_begin ] --END-- [ RunTime:0.001527s ]
SQL: SHOW COLUMNS FROM `j_setting` [ RunTime:0.003751s ]
SQL: SELECT * FROM `j_setting`  [ RunTime:0.000470s ]
SQL: SHOW COLUMNS FROM `j_appoint` [ RunTime:0.001890s ]
SQL: SELECT COUNT(aid) AS tp_count FROM `j_appoint` WHERE ( `uid` = '712' ) AND ( `addtime` >= 1400428800 ) LIMIT 1   [ RunTime:0.000989s ]
INFO: [ view_parse ] --START--
INFO: ParseTemplate Behavior ::run [ RunTime:0.014833s ]
INFO: [ view_parse ] --END-- [ RunTime:0.014960s ]
INFO: [ view_filter ] --START--
INFO: ContentReplace Behavior ::run [ RunTime:0.000499s ]
INFO: TokenBuild Behavior ::run [ RunTime:0.000369s ]
INFO: WriteHtmlCache Behavior ::run [ RunTime:0.000220s ]
INFO: ShowRuntime Behavior ::run [ RunTime:0.000480s ]
INFO: [ view_filter ] --END-- [ RunTime:0.001829s ]
INFO: [ view_end ] --START--
INFO: ShowPageTrace Behavior ::run [ RunTime:0.000501s ]
INFO: [ view_end ] --END-- [ RunTime:0.000594s ]

[ 2014-05-19T19:45:25+08:00 ] 0.0.0.0 /guahao_bootstrap_lock/index.php?m=room&a=json&rid=8&start=1398614400&end=1402243200&_=1400499924639
INFO: [ app_begin ] --START--
INFO: ReadHtmlCache Behavior ::run [ RunTime:0.000768s ]
INFO: [ app_begin ] --END-- [ RunTime:0.000920s ]
SQL: SHOW COLUMNS FROM `j_setting` [ RunTime:0.001526s ]
SQL: SELECT * FROM `j_setting`  [ RunTime:0.000264s ]
SQL: SHOW COLUMNS FROM `j_schedule` [ RunTime:0.001993s ]
SQL: SHOW COLUMNS FROM `j_appoint` [ RunTime:0.001835s ]
SQL: SHOW COLUMNS FROM `j_room` [ RunTime:0.001692s ]
SQL: SELECT * FROM `j_room` WHERE ( `rid` = 8 ) LIMIT 1   [ RunTime:0.000216s ]
SQL: SELECT SUM(`limit`) AS tp_sum FROM `j_schedule` WHERE ( `rid` = 8 ) AND ( `week` = '周三' ) LIMIT 1   [ RunTime:0.000187s ]
SQL: SELECT COUNT(aid) AS tp_count FROM `j_appoint` WHERE ( `rid` = 8 ) AND ( `day` = '2014-06-18' ) LIMIT 1   [ RunTime:0.000491s ]

[ 2014-05-19T19:45:39+08:00 ] 0.0.0.0 /guahao_bootstrap_lock/index.php?m=appoint&a=index&state=0
INFO: [ app_begin ] --START--
INFO: ReadHtmlCache Behavior ::run [ RunTime:0.000765s ]
INFO: [ app_begin ] --END-- [ RunTime:0.000882s ]
SQL: SHOW COLUMNS FROM `j_setting` [ RunTime:0.003600s ]
SQL: SELECT * FROM `j_setting`  [ RunTime:0.000464s ]
SQL: SHOW COLUMNS FROM `j_appoint` [ RunTime:0.003698s ]
SQL: SHOW COLUMNS FROM `j_appoint` [ RunTime:0.003577s ]
SQL: SHOW COLUMNS FROM `j_user` [ RunTime:0.003490s ]
SQL: SHOW COLUMNS FROM `j_room` [ RunTime:0.002122s ]
SQL: SHOW COLUMNS FROM `j_doctor` [ RunTime:0.002034s ]
SQL: SELECT COUNT(*) AS tp_count FROM j_appoint appoint LEFT JOIN j_user user ON appoint.uid=user.uid LEFT JOIN j_room room ON appoint.rid=room.rid LEFT JOIN j_doctor doctor ON appoint.did=doctor.did WHERE ( user.uid = '712' ) LIMIT 1   [ RunTime:0.000747s ]
SQL: SELECT appoint.aid AS aid,appoint.day AS day,appoint.time AS time,appoint.state AS state,appoint.addtime AS addtime,user.uid AS uid,user.truename AS truename,user.id AS id,user.mobile AS mobile,user.birthday AS birthday,user.type AS sex,user.address AS address,room.rid AS rid,room.name AS name,room.img AS img,room.intro AS intro,doctor.did AS did,doctor.name AS dname,doctor.intro AS dintro,doctor.type AS dtype FROM j_appoint appoint LEFT JOIN j_user user ON appoint.uid=user.uid LEFT JOIN j_room room ON appoint.rid=room.rid LEFT JOIN j_doctor doctor ON appoint.did=doctor.did WHERE ( user.uid = '712' ) ORDER BY appoint.day desc LIMIT 0,10   [ RunTime:0.000821s ]
INFO: [ view_parse ] --START--
INFO: ParseTemplate Behavior ::run [ RunTime:0.022917s ]
INFO: [ view_parse ] --END-- [ RunTime:0.023089s ]
INFO: [ view_filter ] --START--
INFO: ContentReplace Behavior ::run [ RunTime:0.000685s ]
INFO: TokenBuild Behavior ::run [ RunTime:0.000767s ]
INFO: WriteHtmlCache Behavior ::run [ RunTime:0.000439s ]
INFO: ShowRuntime Behavior ::run [ RunTime:0.000661s ]
INFO: [ view_filter ] --END-- [ RunTime:0.002850s ]
INFO: [ view_end ] --START--
INFO: ShowPageTrace Behavior ::run [ RunTime:0.000692s ]
INFO: [ view_end ] --END-- [ RunTime:0.000796s ]

[ 2014-05-19T19:45:41+08:00 ] 0.0.0.0 /guahao_bootstrap_lock/index.php?m=user&a=edit&uid=712
INFO: [ app_begin ] --START--
INFO: ReadHtmlCache Behavior ::run [ RunTime:0.000644s ]
INFO: [ app_begin ] --END-- [ RunTime:0.000768s ]
SQL: SHOW COLUMNS FROM `j_setting` [ RunTime:0.003796s ]
SQL: SELECT * FROM `j_setting`  [ RunTime:0.000484s ]
SQL: SHOW COLUMNS FROM `j_user` [ RunTime:0.003922s ]
SQL: SELECT * FROM `j_user` WHERE ( uid=712 ) LIMIT 1   [ RunTime:0.000484s ]
INFO: [ view_parse ] --START--
INFO: ParseTemplate Behavior ::run [ RunTime:0.031887s ]
INFO: [ view_parse ] --END-- [ RunTime:0.032072s ]
INFO: [ view_filter ] --START--
INFO: ContentReplace Behavior ::run [ RunTime:0.000861s ]
INFO: TokenBuild Behavior ::run [ RunTime:0.000562s ]
INFO: WriteHtmlCache Behavior ::run [ RunTime:0.000401s ]
INFO: ShowRuntime Behavior ::run [ RunTime:0.000613s ]
INFO: [ view_filter ] --END-- [ RunTime:0.002723s ]
INFO: [ view_end ] --START--
INFO: ShowPageTrace Behavior ::run [ RunTime:0.000650s ]
INFO: [ view_end ] --END-- [ RunTime:0.000741s ]

[ 2014-05-19T19:45:42+08:00 ] 0.0.0.0 /guahao_bootstrap_lock/index.php?m=public&a=verify
INFO: [ app_begin ] --START--
INFO: ReadHtmlCache Behavior ::run [ RunTime:0.000706s ]
INFO: [ app_begin ] --END-- [ RunTime:0.000846s ]
SQL: SHOW COLUMNS FROM `j_setting` [ RunTime:0.003919s ]
SQL: SELECT * FROM `j_setting`  [ RunTime:0.000617s ]
NOTIC: [8] ob_clean() [<a href='ref.outcontrol'>ref.outcontrol</a>]: failed to delete buffer. No buffer to delete D:\wamp\www\guahao_bootstrap_lock\Home\Lib\ORG\Util\Image.class.php 第 558 行.

[ 2014-05-19T19:45:48+08:00 ] 0.0.0.0 /guahao_bootstrap_lock/index.php?m=appoint&a=index&state=1
INFO: [ app_begin ] --START--
INFO: ReadHtmlCache Behavior ::run [ RunTime:0.001499s ]
INFO: [ app_begin ] --END-- [ RunTime:0.001789s ]
SQL: SHOW COLUMNS FROM `j_setting` [ RunTime:0.004120s ]
SQL: SELECT * FROM `j_setting`  [ RunTime:0.000535s ]
SQL: SHOW COLUMNS FROM `j_appoint` [ RunTime:0.003832s ]
SQL: SHOW COLUMNS FROM `j_appoint` [ RunTime:0.003895s ]
SQL: SHOW COLUMNS FROM `j_user` [ RunTime:0.004635s ]
SQL: SHOW COLUMNS FROM `j_room` [ RunTime:0.002903s ]
SQL: SHOW COLUMNS FROM `j_doctor` [ RunTime:0.001715s ]
SQL: SELECT COUNT(*) AS tp_count FROM j_appoint appoint LEFT JOIN j_user user ON appoint.uid=user.uid LEFT JOIN j_room room ON appoint.rid=room.rid LEFT JOIN j_doctor doctor ON appoint.did=doctor.did WHERE ( appoint.state = '1' ) AND ( user.uid = '712' ) LIMIT 1   [ RunTime:0.000573s ]
SQL: SELECT appoint.aid AS aid,appoint.day AS day,appoint.time AS time,appoint.state AS state,appoint.addtime AS addtime,user.uid AS uid,user.truename AS truename,user.id AS id,user.mobile AS mobile,user.birthday AS birthday,user.type AS sex,user.address AS address,room.rid AS rid,room.name AS name,room.img AS img,room.intro AS intro,doctor.did AS did,doctor.name AS dname,doctor.intro AS dintro,doctor.type AS dtype FROM j_appoint appoint LEFT JOIN j_user user ON appoint.uid=user.uid LEFT JOIN j_room room ON appoint.rid=room.rid LEFT JOIN j_doctor doctor ON appoint.did=doctor.did WHERE ( appoint.state = '1' ) AND ( user.uid = '712' ) ORDER BY appoint.day desc LIMIT 0,10   [ RunTime:0.000593s ]
INFO: [ view_parse ] --START--
INFO: ParseTemplate Behavior ::run [ RunTime:0.016942s ]
INFO: [ view_parse ] --END-- [ RunTime:0.017062s ]
INFO: [ view_filter ] --START--
INFO: ContentReplace Behavior ::run [ RunTime:0.000626s ]
INFO: TokenBuild Behavior ::run [ RunTime:0.000498s ]
INFO: WriteHtmlCache Behavior ::run [ RunTime:0.000385s ]
INFO: ShowRuntime Behavior ::run [ RunTime:0.000574s ]
INFO: [ view_filter ] --END-- [ RunTime:0.002333s ]
INFO: [ view_end ] --START--
INFO: ShowPageTrace Behavior ::run [ RunTime:0.000621s ]
INFO: [ view_end ] --END-- [ RunTime:0.000709s ]

[ 2014-05-19T19:47:16+08:00 ] 0.0.0.0 /guahao_bootstrap_lock/index.php?m=appoint&a=index&state=1
INFO: [ app_begin ] --START--
INFO: ReadHtmlCache Behavior ::run [ RunTime:0.000661s ]
INFO: [ app_begin ] --END-- [ RunTime:0.000786s ]
SQL: SHOW COLUMNS FROM `j_setting` [ RunTime:0.002965s ]
SQL: SELECT * FROM `j_setting`  [ RunTime:0.000684s ]
SQL: SHOW COLUMNS FROM `j_appoint` [ RunTime:0.003275s ]
SQL: SHOW COLUMNS FROM `j_appoint` [ RunTime:0.003081s ]
SQL: SHOW COLUMNS FROM `j_user` [ RunTime:0.003130s ]
SQL: SHOW COLUMNS FROM `j_room` [ RunTime:0.002751s ]
SQL: SHOW COLUMNS FROM `j_doctor` [ RunTime:0.002046s ]
SQL: SELECT COUNT(*) AS tp_count FROM j_appoint appoint LEFT JOIN j_user user ON appoint.uid=user.uid LEFT JOIN j_room room ON appoint.rid=room.rid LEFT JOIN j_doctor doctor ON appoint.did=doctor.did WHERE ( appoint.state = '1' ) AND ( user.uid = '712' ) LIMIT 1   [ RunTime:0.000579s ]
SQL: SELECT appoint.aid AS aid,appoint.day AS day,appoint.time AS time,appoint.state AS state,appoint.addtime AS addtime,user.uid AS uid,user.truename AS truename,user.id AS id,user.mobile AS mobile,user.birthday AS birthday,user.type AS sex,user.address AS address,room.rid AS rid,room.name AS name,room.img AS img,room.intro AS intro,doctor.did AS did,doctor.name AS dname,doctor.intro AS dintro,doctor.type AS dtype FROM j_appoint appoint LEFT JOIN j_user user ON appoint.uid=user.uid LEFT JOIN j_room room ON appoint.rid=room.rid LEFT JOIN j_doctor doctor ON appoint.did=doctor.did WHERE ( appoint.state = '1' ) AND ( user.uid = '712' ) ORDER BY appoint.day desc LIMIT 0,10   [ RunTime:0.000664s ]
INFO: [ view_parse ] --START--
INFO: ParseTemplate Behavior ::run [ RunTime:0.016448s ]
INFO: [ view_parse ] --END-- [ RunTime:0.016576s ]
INFO: [ view_filter ] --START--
INFO: ContentReplace Behavior ::run [ RunTime:0.000669s ]
INFO: TokenBuild Behavior ::run [ RunTime:0.000536s ]
INFO: WriteHtmlCache Behavior ::run [ RunTime:0.000407s ]
INFO: ShowRuntime Behavior ::run [ RunTime:0.000599s ]
INFO: [ view_filter ] --END-- [ RunTime:0.002488s ]
INFO: [ view_end ] --START--
INFO: ShowPageTrace Behavior ::run [ RunTime:0.000936s ]
INFO: [ view_end ] --END-- [ RunTime:0.001044s ]

[ 2014-05-19T19:47:21+08:00 ] 0.0.0.0 /guahao_bootstrap_lock/index.php?m=room&a=index
INFO: [ app_begin ] --START--
INFO: ReadHtmlCache Behavior ::run [ RunTime:0.000958s ]
INFO: [ app_begin ] --END-- [ RunTime:0.001118s ]
SQL: SHOW COLUMNS FROM `j_setting` [ RunTime:0.003692s ]
SQL: SELECT * FROM `j_setting`  [ RunTime:0.000549s ]
SQL: SHOW COLUMNS FROM `j_room` [ RunTime:0.003789s ]
NOTIC: [8] Undefined variable: sortBy D:\wamp\www\guahao_bootstrap_lock\Home\Lib\Action\BaseAction.class.php 第 57 行.
SQL: SELECT COUNT(*) AS tp_count FROM `j_room` LIMIT 1   [ RunTime:0.000372s ]
SQL: SELECT * FROM `j_room` LIMIT 0,10   [ RunTime:0.000356s ]
INFO: [ view_parse ] --START--
INFO: ParseTemplate Behavior ::run [ RunTime:0.024891s ]
INFO: [ view_parse ] --END-- [ RunTime:0.025146s ]
INFO: [ view_filter ] --START--
INFO: ContentReplace Behavior ::run [ RunTime:0.001502s ]
INFO: TokenBuild Behavior ::run [ RunTime:0.000858s ]
INFO: WriteHtmlCache Behavior ::run [ RunTime:0.000612s ]
INFO: ShowRuntime Behavior ::run [ RunTime:0.001078s ]
INFO: [ view_filter ] --END-- [ RunTime:0.004528s ]
INFO: [ view_end ] --START--
INFO: ShowPageTrace Behavior ::run [ RunTime:0.001189s ]
INFO: [ view_end ] --END-- [ RunTime:0.001337s ]

[ 2014-05-19T19:47:32+08:00 ] 0.0.0.0 /guahao_bootstrap_lock/index.php?m=user&a=edit&uid=712
INFO: [ app_begin ] --START--
INFO: ReadHtmlCache Behavior ::run [ RunTime:0.000630s ]
INFO: [ app_begin ] --END-- [ RunTime:0.000754s ]
SQL: SHOW COLUMNS FROM `j_setting` [ RunTime:0.003561s ]
SQL: SELECT * FROM `j_setting`  [ RunTime:0.000484s ]
SQL: SHOW COLUMNS FROM `j_user` [ RunTime:0.003670s ]
SQL: SELECT * FROM `j_user` WHERE ( uid=712 ) LIMIT 1   [ RunTime:0.000564s ]
INFO: [ view_parse ] --START--
INFO: ParseTemplate Behavior ::run [ RunTime:0.021913s ]
INFO: [ view_parse ] --END-- [ RunTime:0.022155s ]
INFO: [ view_filter ] --START--
INFO: ContentReplace Behavior ::run [ RunTime:0.000737s ]
INFO: TokenBuild Behavior ::run [ RunTime:0.000559s ]
INFO: WriteHtmlCache Behavior ::run [ RunTime:0.000456s ]
INFO: ShowRuntime Behavior ::run [ RunTime:0.000674s ]
INFO: [ view_filter ] --END-- [ RunTime:0.002762s ]
INFO: [ view_end ] --START--
INFO: ShowPageTrace Behavior ::run [ RunTime:0.000778s ]
INFO: [ view_end ] --END-- [ RunTime:0.000912s ]

[ 2014-05-19T19:47:33+08:00 ] 0.0.0.0 /guahao_bootstrap_lock/index.php?m=public&a=verify
INFO: [ app_begin ] --START--
INFO: ReadHtmlCache Behavior ::run [ RunTime:0.000729s ]
INFO: [ app_begin ] --END-- [ RunTime:0.000859s ]
SQL: SHOW COLUMNS FROM `j_setting` [ RunTime:0.003264s ]
SQL: SELECT * FROM `j_setting`  [ RunTime:0.001235s ]
NOTIC: [8] ob_clean() [<a href='ref.outcontrol'>ref.outcontrol</a>]: failed to delete buffer. No buffer to delete D:\wamp\www\guahao_bootstrap_lock\Home\Lib\ORG\Util\Image.class.php 第 558 行.

[ 2014-05-19T19:47:36+08:00 ] 0.0.0.0 /guahao_bootstrap_lock/index.php?m=user&a=dosave
INFO: [ app_begin ] --START--
INFO: ReadHtmlCache Behavior ::run [ RunTime:0.000645s ]
INFO: [ app_begin ] --END-- [ RunTime:0.000748s ]
SQL: SHOW COLUMNS FROM `j_setting` [ RunTime:0.003301s ]
SQL: SELECT * FROM `j_setting`  [ RunTime:0.000461s ]
SQL: SHOW COLUMNS FROM `j_user` [ RunTime:0.003470s ]

[ 2014-05-19T19:47:37+08:00 ] 0.0.0.0 /guahao_bootstrap_lock/index.php?m=public&a=verify&rand=0.4666794987862165
INFO: [ app_begin ] --START--
INFO: ReadHtmlCache Behavior ::run [ RunTime:0.001267s ]
INFO: [ app_begin ] --END-- [ RunTime:0.001450s ]
SQL: SHOW COLUMNS FROM `j_setting` [ RunTime:0.004722s ]
SQL: SELECT * FROM `j_setting`  [ RunTime:0.000701s ]
NOTIC: [8] ob_clean() [<a href='ref.outcontrol'>ref.outcontrol</a>]: failed to delete buffer. No buffer to delete D:\wamp\www\guahao_bootstrap_lock\Home\Lib\ORG\Util\Image.class.php 第 558 行.

[ 2014-05-19T19:47:38+08:00 ] 0.0.0.0 /guahao_bootstrap_lock/index.php?m=user&a=dosave
INFO: [ app_begin ] --START--
INFO: ReadHtmlCache Behavior ::run [ RunTime:0.000702s ]
INFO: [ app_begin ] --END-- [ RunTime:0.000816s ]
SQL: SHOW COLUMNS FROM `j_setting` [ RunTime:0.003113s ]
SQL: SELECT * FROM `j_setting`  [ RunTime:0.000441s ]
SQL: SHOW COLUMNS FROM `j_user` [ RunTime:0.004032s ]

[ 2014-05-19T19:47:39+08:00 ] 0.0.0.0 /guahao_bootstrap_lock/index.php?m=user&a=dosave
INFO: [ app_begin ] --START--
INFO: ReadHtmlCache Behavior ::run [ RunTime:0.000716s ]
INFO: [ app_begin ] --END-- [ RunTime:0.000838s ]
SQL: SHOW COLUMNS FROM `j_setting` [ RunTime:0.004215s ]
SQL: SELECT * FROM `j_setting`  [ RunTime:0.000643s ]
SQL: SHOW COLUMNS FROM `j_user` [ RunTime:0.002910s ]

[ 2014-05-19T19:47:40+08:00 ] 0.0.0.0 /guahao_bootstrap_lock/index.php?m=public&a=verify&rand=0.4666794987862165&rand=0.09086663580010606
INFO: [ app_begin ] --START--
INFO: ReadHtmlCache Behavior ::run [ RunTime:0.000869s ]
INFO: [ app_begin ] --END-- [ RunTime:0.001030s ]
SQL: SHOW COLUMNS FROM `j_setting` [ RunTime:0.003405s ]
SQL: SELECT * FROM `j_setting`  [ RunTime:0.000516s ]
NOTIC: [8] ob_clean() [<a href='ref.outcontrol'>ref.outcontrol</a>]: failed to delete buffer. No buffer to delete D:\wamp\www\guahao_bootstrap_lock\Home\Lib\ORG\Util\Image.class.php 第 558 行.

[ 2014-05-19T19:47:41+08:00 ] 0.0.0.0 /guahao_bootstrap_lock/index.php?m=public&a=verify&rand=0.4666794987862165&rand=0.09086663580010606&rand=0.7714127021744892
INFO: [ app_begin ] --START--
INFO: ReadHtmlCache Behavior ::run [ RunTime:0.000833s ]
INFO: [ app_begin ] --END-- [ RunTime:0.000985s ]
SQL: SHOW COLUMNS FROM `j_setting` [ RunTime:0.003798s ]
SQL: SELECT * FROM `j_setting`  [ RunTime:0.000488s ]
NOTIC: [8] ob_clean() [<a href='ref.outcontrol'>ref.outcontrol</a>]: failed to delete buffer. No buffer to delete D:\wamp\www\guahao_bootstrap_lock\Home\Lib\ORG\Util\Image.class.php 第 558 行.

[ 2014-05-19T19:47:47+08:00 ] 0.0.0.0 /guahao_bootstrap_lock/index.php?m=appoint&a=index&state=0
INFO: [ app_begin ] --START--
INFO: ReadHtmlCache Behavior ::run [ RunTime:0.000770s ]
INFO: [ app_begin ] --END-- [ RunTime:0.000911s ]
SQL: SHOW COLUMNS FROM `j_setting` [ RunTime:0.003650s ]
SQL: SELECT * FROM `j_setting`  [ RunTime:0.000534s ]
SQL: SHOW COLUMNS FROM `j_appoint` [ RunTime:0.003932s ]
SQL: SHOW COLUMNS FROM `j_appoint` [ RunTime:0.004124s ]
SQL: SHOW COLUMNS FROM `j_user` [ RunTime:0.004053s ]
SQL: SHOW COLUMNS FROM `j_room` [ RunTime:0.003512s ]
SQL: SHOW COLUMNS FROM `j_doctor` [ RunTime:0.003587s ]
SQL: SELECT COUNT(*) AS tp_count FROM j_appoint appoint LEFT JOIN j_user user ON appoint.uid=user.uid LEFT JOIN j_room room ON appoint.rid=room.rid LEFT JOIN j_doctor doctor ON appoint.did=doctor.did WHERE ( user.uid = '712' ) LIMIT 1   [ RunTime:0.001184s ]
SQL: SELECT appoint.aid AS aid,appoint.day AS day,appoint.time AS time,appoint.state AS state,appoint.addtime AS addtime,user.uid AS uid,user.truename AS truename,user.id AS id,user.mobile AS mobile,user.birthday AS birthday,user.type AS sex,user.address AS address,room.rid AS rid,room.name AS name,room.img AS img,room.intro AS intro,doctor.did AS did,doctor.name AS dname,doctor.intro AS dintro,doctor.type AS dtype FROM j_appoint appoint LEFT JOIN j_user user ON appoint.uid=user.uid LEFT JOIN j_room room ON appoint.rid=room.rid LEFT JOIN j_doctor doctor ON appoint.did=doctor.did WHERE ( user.uid = '712' ) ORDER BY appoint.day desc LIMIT 0,10   [ RunTime:0.000759s ]
INFO: [ view_parse ] --START--
INFO: ParseTemplate Behavior ::run [ RunTime:0.017642s ]
INFO: [ view_parse ] --END-- [ RunTime:0.017786s ]
INFO: [ view_filter ] --START--
INFO: ContentReplace Behavior ::run [ RunTime:0.000688s ]
INFO: TokenBuild Behavior ::run [ RunTime:0.000537s ]
INFO: WriteHtmlCache Behavior ::run [ RunTime:0.000424s ]
INFO: ShowRuntime Behavior ::run [ RunTime:0.000660s ]
INFO: [ view_filter ] --END-- [ RunTime:0.002623s ]
INFO: [ view_end ] --START--
INFO: ShowPageTrace Behavior ::run [ RunTime:0.000729s ]
INFO: [ view_end ] --END-- [ RunTime:0.000831s ]

[ 2014-05-19T19:47:49+08:00 ] 0.0.0.0 /guahao_bootstrap_lock/index.php?m=room&a=index
INFO: [ app_begin ] --START--
INFO: ReadHtmlCache Behavior ::run [ RunTime:0.000624s ]
INFO: [ app_begin ] --END-- [ RunTime:0.000739s ]
SQL: SHOW COLUMNS FROM `j_setting` [ RunTime:0.003347s ]
SQL: SELECT * FROM `j_setting`  [ RunTime:0.000557s ]
SQL: SHOW COLUMNS FROM `j_room` [ RunTime:0.004081s ]
NOTIC: [8] Undefined variable: sortBy D:\wamp\www\guahao_bootstrap_lock\Home\Lib\Action\BaseAction.class.php 第 57 行.
SQL: SELECT COUNT(*) AS tp_count FROM `j_room` LIMIT 1   [ RunTime:0.000677s ]
SQL: SELECT * FROM `j_room` LIMIT 0,10   [ RunTime:0.000365s ]
INFO: [ view_parse ] --START--
INFO: ParseTemplate Behavior ::run [ RunTime:0.018785s ]
INFO: [ view_parse ] --END-- [ RunTime:0.018989s ]
INFO: [ view_filter ] --START--
INFO: ContentReplace Behavior ::run [ RunTime:0.000700s ]
INFO: TokenBuild Behavior ::run [ RunTime:0.000512s ]
INFO: WriteHtmlCache Behavior ::run [ RunTime:0.000376s ]
INFO: ShowRuntime Behavior ::run [ RunTime:0.000556s ]
INFO: [ view_filter ] --END-- [ RunTime:0.002428s ]
INFO: [ view_end ] --START--
INFO: ShowPageTrace Behavior ::run [ RunTime:0.000707s ]
INFO: [ view_end ] --END-- [ RunTime:0.000794s ]

[ 2014-05-19T19:47:53+08:00 ] 0.0.0.0 /guahao_bootstrap_lock/index.php?m=room&a=detail&rid=8&name=椎间盘
INFO: [ app_begin ] --START--
INFO: ReadHtmlCache Behavior ::run [ RunTime:0.001019s ]
INFO: [ app_begin ] --END-- [ RunTime:0.001200s ]
SQL: SHOW COLUMNS FROM `j_setting` [ RunTime:0.003562s ]
SQL: SELECT * FROM `j_setting`  [ RunTime:0.000465s ]
SQL: SHOW COLUMNS FROM `j_appoint` [ RunTime:0.003664s ]
SQL: SELECT COUNT(aid) AS tp_count FROM `j_appoint` WHERE ( `uid` = '712' ) AND ( `addtime` >= 1400428800 ) LIMIT 1   [ RunTime:0.001071s ]
INFO: [ view_parse ] --START--
INFO: ParseTemplate Behavior ::run [ RunTime:0.022305s ]
INFO: [ view_parse ] --END-- [ RunTime:0.022513s ]
INFO: [ view_filter ] --START--
INFO: ContentReplace Behavior ::run [ RunTime:0.000835s ]
INFO: TokenBuild Behavior ::run [ RunTime:0.000670s ]
INFO: WriteHtmlCache Behavior ::run [ RunTime:0.000473s ]
INFO: ShowRuntime Behavior ::run [ RunTime:0.000770s ]
INFO: [ view_filter ] --END-- [ RunTime:0.003089s ]
INFO: [ view_end ] --START--
INFO: ShowPageTrace Behavior ::run [ RunTime:0.000873s ]
INFO: [ view_end ] --END-- [ RunTime:0.001007s ]

[ 2014-05-19T19:47:54+08:00 ] 0.0.0.0 /guahao_bootstrap_lock/index.php?m=room&a=json&rid=8&start=1398614400&end=1402243200&_=1400500073485
INFO: [ app_begin ] --START--
INFO: ReadHtmlCache Behavior ::run [ RunTime:0.000829s ]
INFO: [ app_begin ] --END-- [ RunTime:0.000987s ]
SQL: SHOW COLUMNS FROM `j_setting` [ RunTime:0.001740s ]
SQL: SELECT * FROM `j_setting`  [ RunTime:0.000225s ]
SQL: SHOW COLUMNS FROM `j_schedule` [ RunTime:0.001907s ]
SQL: SHOW COLUMNS FROM `j_appoint` [ RunTime:0.001752s ]
SQL: SHOW COLUMNS FROM `j_room` [ RunTime:0.001793s ]
SQL: SELECT * FROM `j_room` WHERE ( `rid` = 8 ) LIMIT 1   [ RunTime:0.000254s ]
SQL: SELECT SUM(`limit`) AS tp_sum FROM `j_schedule` WHERE ( `rid` = 8 ) AND ( `week` = '周三' ) LIMIT 1   [ RunTime:0.000220s ]
SQL: SELECT COUNT(aid) AS tp_count FROM `j_appoint` WHERE ( `rid` = 8 ) AND ( `day` = '2014-06-18' ) LIMIT 1   [ RunTime:0.000495s ]

[ 2014-05-19T19:48:30+08:00 ] 0.0.0.0 /guahao_bootstrap_lock/index.php?m=appoint&a=index&state=0
INFO: [ app_begin ] --START--
INFO: ReadHtmlCache Behavior ::run [ RunTime:0.001042s ]
INFO: [ app_begin ] --END-- [ RunTime:0.001226s ]
SQL: SHOW COLUMNS FROM `j_setting` [ RunTime:0.003356s ]
SQL: SELECT * FROM `j_setting`  [ RunTime:0.000452s ]
SQL: SHOW COLUMNS FROM `j_appoint` [ RunTime:0.003832s ]
SQL: SHOW COLUMNS FROM `j_appoint` [ RunTime:0.003784s ]
SQL: SHOW COLUMNS FROM `j_user` [ RunTime:0.003771s ]
SQL: SHOW COLUMNS FROM `j_room` [ RunTime:0.003364s ]
SQL: SHOW COLUMNS FROM `j_doctor` [ RunTime:0.003391s ]
SQL: SELECT COUNT(*) AS tp_count FROM j_appoint appoint LEFT JOIN j_user user ON appoint.uid=user.uid LEFT JOIN j_room room ON appoint.rid=room.rid LEFT JOIN j_doctor doctor ON appoint.did=doctor.did WHERE ( user.uid = '712' ) LIMIT 1   [ RunTime:0.001271s ]
SQL: SELECT appoint.aid AS aid,appoint.day AS day,appoint.time AS time,appoint.state AS state,appoint.addtime AS addtime,user.uid AS uid,user.truename AS truename,user.id AS id,user.mobile AS mobile,user.birthday AS birthday,user.type AS sex,user.address AS address,room.rid AS rid,room.name AS name,room.img AS img,room.intro AS intro,doctor.did AS did,doctor.name AS dname,doctor.intro AS dintro,doctor.type AS dtype FROM j_appoint appoint LEFT JOIN j_user user ON appoint.uid=user.uid LEFT JOIN j_room room ON appoint.rid=room.rid LEFT JOIN j_doctor doctor ON appoint.did=doctor.did WHERE ( user.uid = '712' ) ORDER BY appoint.day desc LIMIT 0,10   [ RunTime:0.001353s ]
INFO: [ view_parse ] --START--
INFO: ParseTemplate Behavior ::run [ RunTime:0.026918s ]
INFO: [ view_parse ] --END-- [ RunTime:0.027125s ]
INFO: [ view_filter ] --START--
INFO: ContentReplace Behavior ::run [ RunTime:0.000893s ]
INFO: TokenBuild Behavior ::run [ RunTime:0.000728s ]
INFO: WriteHtmlCache Behavior ::run [ RunTime:0.000543s ]
INFO: ShowRuntime Behavior ::run [ RunTime:0.000812s ]
INFO: [ view_filter ] --END-- [ RunTime:0.003335s ]
INFO: [ view_end ] --START--
INFO: ShowPageTrace Behavior ::run [ RunTime:0.000896s ]
INFO: [ view_end ] --END-- [ RunTime:0.001035s ]

[ 2014-05-19T19:48:32+08:00 ] 0.0.0.0 /guahao_bootstrap_lock/index.php?m=user&a=edit&uid=712
INFO: [ app_begin ] --START--
INFO: ReadHtmlCache Behavior ::run [ RunTime:0.000652s ]
INFO: [ app_begin ] --END-- [ RunTime:0.000778s ]
SQL: SHOW COLUMNS FROM `j_setting` [ RunTime:0.003479s ]
SQL: SELECT * FROM `j_setting`  [ RunTime:0.000455s ]
SQL: SHOW COLUMNS FROM `j_user` [ RunTime:0.003668s ]
SQL: SELECT * FROM `j_user` WHERE ( uid=712 ) LIMIT 1   [ RunTime:0.000484s ]
INFO: [ view_parse ] --START--
INFO: ParseTemplate Behavior ::run [ RunTime:0.031387s ]
INFO: [ view_parse ] --END-- [ RunTime:0.031636s ]
INFO: [ view_filter ] --START--
INFO: ContentReplace Behavior ::run [ RunTime:0.001412s ]
INFO: TokenBuild Behavior ::run [ RunTime:0.001120s ]
INFO: WriteHtmlCache Behavior ::run [ RunTime:0.000847s ]
INFO: ShowRuntime Behavior ::run [ RunTime:0.001320s ]
INFO: [ view_filter ] --END-- [ RunTime:0.005259s ]
INFO: [ view_end ] --START--
INFO: ShowPageTrace Behavior ::run [ RunTime:0.001429s ]
INFO: [ view_end ] --END-- [ RunTime:0.001632s ]

[ 2014-05-19T19:48:33+08:00 ] 0.0.0.0 /guahao_bootstrap_lock/index.php?m=public&a=verify
INFO: [ app_begin ] --START--
INFO: ReadHtmlCache Behavior ::run [ RunTime:0.000714s ]
INFO: [ app_begin ] --END-- [ RunTime:0.000842s ]
SQL: SHOW COLUMNS FROM `j_setting` [ RunTime:0.003426s ]
SQL: SELECT * FROM `j_setting`  [ RunTime:0.000518s ]
NOTIC: [8] ob_clean() [<a href='ref.outcontrol'>ref.outcontrol</a>]: failed to delete buffer. No buffer to delete D:\wamp\www\guahao_bootstrap_lock\Home\Lib\ORG\Util\Image.class.php 第 558 行.

[ 2014-05-19T19:48:38+08:00 ] 0.0.0.0 /guahao_bootstrap_lock/index.php?m=user&a=edit&uid=712
INFO: [ app_begin ] --START--
INFO: ReadHtmlCache Behavior ::run [ RunTime:0.000816s ]
INFO: [ app_begin ] --END-- [ RunTime:0.000934s ]
SQL: SHOW COLUMNS FROM `j_setting` [ RunTime:0.003432s ]
SQL: SELECT * FROM `j_setting`  [ RunTime:0.000647s ]
SQL: SHOW COLUMNS FROM `j_user` [ RunTime:0.003538s ]
SQL: SELECT * FROM `j_user` WHERE ( uid=712 ) LIMIT 1   [ RunTime:0.000515s ]
INFO: [ view_parse ] --START--
INFO: ParseTemplate Behavior ::run [ RunTime:0.025378s ]
INFO: [ view_parse ] --END-- [ RunTime:0.025583s ]
INFO: [ view_filter ] --START--
INFO: ContentReplace Behavior ::run [ RunTime:0.000884s ]
INFO: TokenBuild Behavior ::run [ RunTime:0.000756s ]
INFO: WriteHtmlCache Behavior ::run [ RunTime:0.000535s ]
INFO: ShowRuntime Behavior ::run [ RunTime:0.000766s ]
INFO: [ view_filter ] --END-- [ RunTime:0.003307s ]
INFO: [ view_end ] --START--
INFO: ShowPageTrace Behavior ::run [ RunTime:0.000889s ]
INFO: [ view_end ] --END-- [ RunTime:0.001069s ]

[ 2014-05-19T19:48:39+08:00 ] 0.0.0.0 /guahao_bootstrap_lock/index.php?m=public&a=verify
INFO: [ app_begin ] --START--
INFO: ReadHtmlCache Behavior ::run [ RunTime:0.000712s ]
INFO: [ app_begin ] --END-- [ RunTime:0.000844s ]
SQL: SHOW COLUMNS FROM `j_setting` [ RunTime:0.003642s ]
SQL: SELECT * FROM `j_setting`  [ RunTime:0.000532s ]
NOTIC: [8] ob_clean() [<a href='ref.outcontrol'>ref.outcontrol</a>]: failed to delete buffer. No buffer to delete D:\wamp\www\guahao_bootstrap_lock\Home\Lib\ORG\Util\Image.class.php 第 558 行.

[ 2014-05-19T19:48:55+08:00 ] 0.0.0.0 /guahao_bootstrap_lock/index.php?m=user&a=edit&uid=712
INFO: [ app_begin ] --START--
INFO: ReadHtmlCache Behavior ::run [ RunTime:0.000781s ]
INFO: [ app_begin ] --END-- [ RunTime:0.000922s ]
SQL: SHOW COLUMNS FROM `j_setting` [ RunTime:0.003301s ]
SQL: SELECT * FROM `j_setting`  [ RunTime:0.000475s ]
SQL: SHOW COLUMNS FROM `j_user` [ RunTime:0.004352s ]
SQL: SELECT * FROM `j_user` WHERE ( uid=712 ) LIMIT 1   [ RunTime:0.000525s ]
INFO: [ view_parse ] --START--
INFO: ParseTemplate Behavior ::run [ RunTime:0.030874s ]
INFO: [ view_parse ] --END-- [ RunTime:0.031119s ]
INFO: [ view_filter ] --START--
INFO: ContentReplace Behavior ::run [ RunTime:0.001426s ]
INFO: TokenBuild Behavior ::run [ RunTime:0.001232s ]
INFO: WriteHtmlCache Behavior ::run [ RunTime:0.000872s ]
INFO: ShowRuntime Behavior ::run [ RunTime:0.001319s ]
INFO: [ view_filter ] --END-- [ RunTime:0.005440s ]
INFO: [ view_end ] --START--
INFO: ShowPageTrace Behavior ::run [ RunTime:0.001103s ]
INFO: [ view_end ] --END-- [ RunTime:0.001244s ]

[ 2014-05-19T19:48:56+08:00 ] 0.0.0.0 /guahao_bootstrap_lock/index.php?m=public&a=verify
INFO: [ app_begin ] --START--
INFO: ReadHtmlCache Behavior ::run [ RunTime:0.000645s ]
INFO: [ app_begin ] --END-- [ RunTime:0.000765s ]
SQL: SHOW COLUMNS FROM `j_setting` [ RunTime:0.003442s ]
SQL: SELECT * FROM `j_setting`  [ RunTime:0.000592s ]
NOTIC: [8] ob_clean() [<a href='ref.outcontrol'>ref.outcontrol</a>]: failed to delete buffer. No buffer to delete D:\wamp\www\guahao_bootstrap_lock\Home\Lib\ORG\Util\Image.class.php 第 558 行.

[ 2014-05-19T19:49:02+08:00 ] 0.0.0.0 /guahao_bootstrap_lock/index.php?m=appoint&a=index&state=0
INFO: [ app_begin ] --START--
INFO: ReadHtmlCache Behavior ::run [ RunTime:0.000618s ]
INFO: [ app_begin ] --END-- [ RunTime:0.000772s ]
SQL: SHOW COLUMNS FROM `j_setting` [ RunTime:0.003572s ]
SQL: SELECT * FROM `j_setting`  [ RunTime:0.000527s ]
SQL: SHOW COLUMNS FROM `j_appoint` [ RunTime:0.003811s ]
SQL: SHOW COLUMNS FROM `j_appoint` [ RunTime:0.003698s ]
SQL: SHOW COLUMNS FROM `j_user` [ RunTime:0.003966s ]
SQL: SHOW COLUMNS FROM `j_room` [ RunTime:0.004310s ]
SQL: SHOW COLUMNS FROM `j_doctor` [ RunTime:0.003644s ]
SQL: SELECT COUNT(*) AS tp_count FROM j_appoint appoint LEFT JOIN j_user user ON appoint.uid=user.uid LEFT JOIN j_room room ON appoint.rid=room.rid LEFT JOIN j_doctor doctor ON appoint.did=doctor.did WHERE ( user.uid = '712' ) LIMIT 1   [ RunTime:0.000982s ]
SQL: SELECT appoint.aid AS aid,appoint.day AS day,appoint.time AS time,appoint.state AS state,appoint.addtime AS addtime,user.uid AS uid,user.truename AS truename,user.id AS id,user.mobile AS mobile,user.birthday AS birthday,user.type AS sex,user.address AS address,room.rid AS rid,room.name AS name,room.img AS img,room.intro AS intro,doctor.did AS did,doctor.name AS dname,doctor.intro AS dintro,doctor.type AS dtype FROM j_appoint appoint LEFT JOIN j_user user ON appoint.uid=user.uid LEFT JOIN j_room room ON appoint.rid=room.rid LEFT JOIN j_doctor doctor ON appoint.did=doctor.did WHERE ( user.uid = '712' ) ORDER BY appoint.day desc LIMIT 0,10   [ RunTime:0.000654s ]
INFO: [ view_parse ] --START--
INFO: ParseTemplate Behavior ::run [ RunTime:0.018938s ]
INFO: [ view_parse ] --END-- [ RunTime:0.019078s ]
INFO: [ view_filter ] --START--
INFO: ContentReplace Behavior ::run [ RunTime:0.000800s ]
INFO: TokenBuild Behavior ::run [ RunTime:0.000606s ]
INFO: WriteHtmlCache Behavior ::run [ RunTime:0.000468s ]
INFO: ShowRuntime Behavior ::run [ RunTime:0.000694s ]
INFO: [ view_filter ] --END-- [ RunTime:0.002887s ]
INFO: [ view_end ] --START--
INFO: ShowPageTrace Behavior ::run [ RunTime:0.000751s ]
INFO: [ view_end ] --END-- [ RunTime:0.000856s ]

[ 2014-05-19T19:49:03+08:00 ] 0.0.0.0 /guahao_bootstrap_lock/index.php?m=room&a=index
INFO: [ app_begin ] --START--
INFO: ReadHtmlCache Behavior ::run [ RunTime:0.001131s ]
INFO: [ app_begin ] --END-- [ RunTime:0.001473s ]
SQL: SHOW COLUMNS FROM `j_setting` [ RunTime:0.003250s ]
SQL: SELECT * FROM `j_setting`  [ RunTime:0.000448s ]
SQL: SHOW COLUMNS FROM `j_room` [ RunTime:0.004113s ]
NOTIC: [8] Undefined variable: sortBy D:\wamp\www\guahao_bootstrap_lock\Home\Lib\Action\BaseAction.class.php 第 57 行.
SQL: SELECT COUNT(*) AS tp_count FROM `j_room` LIMIT 1   [ RunTime:0.000366s ]
SQL: SELECT * FROM `j_room` LIMIT 0,10   [ RunTime:0.000368s ]
INFO: [ view_parse ] --START--
INFO: ParseTemplate Behavior ::run [ RunTime:0.023962s ]
INFO: [ view_parse ] --END-- [ RunTime:0.024162s ]
INFO: [ view_filter ] --START--
INFO: ContentReplace Behavior ::run [ RunTime:0.002667s ]
INFO: TokenBuild Behavior ::run [ RunTime:0.000692s ]
INFO: WriteHtmlCache Behavior ::run [ RunTime:0.000507s ]
INFO: ShowRuntime Behavior ::run [ RunTime:0.000762s ]
INFO: [ view_filter ] --END-- [ RunTime:0.004977s ]
INFO: [ view_end ] --START--
INFO: ShowPageTrace Behavior ::run [ RunTime:0.000843s ]
INFO: [ view_end ] --END-- [ RunTime:0.000970s ]

[ 2014-05-19T19:49:06+08:00 ] 0.0.0.0 /guahao_bootstrap_lock/index.php?m=room&a=detail&rid=8&name=椎间盘
INFO: [ app_begin ] --START--
INFO: ReadHtmlCache Behavior ::run [ RunTime:0.000951s ]
INFO: [ app_begin ] --END-- [ RunTime:0.001071s ]
SQL: SHOW COLUMNS FROM `j_setting` [ RunTime:0.003418s ]
SQL: SELECT * FROM `j_setting`  [ RunTime:0.000839s ]
SQL: SHOW COLUMNS FROM `j_appoint` [ RunTime:0.003755s ]
SQL: SELECT COUNT(aid) AS tp_count FROM `j_appoint` WHERE ( `uid` = '712' ) AND ( `addtime` >= 1400428800 ) LIMIT 1   [ RunTime:0.000966s ]
INFO: [ view_parse ] --START--
INFO: ParseTemplate Behavior ::run [ RunTime:0.023389s ]
INFO: [ view_parse ] --END-- [ RunTime:0.023607s ]
INFO: [ view_filter ] --START--
INFO: ContentReplace Behavior ::run [ RunTime:0.001374s ]
INFO: TokenBuild Behavior ::run [ RunTime:0.001255s ]
INFO: WriteHtmlCache Behavior ::run [ RunTime:0.000598s ]
INFO: ShowRuntime Behavior ::run [ RunTime:0.000916s ]
INFO: [ view_filter ] --END-- [ RunTime:0.004542s ]
INFO: [ view_end ] --START--
INFO: ShowPageTrace Behavior ::run [ RunTime:0.000978s ]
INFO: [ view_end ] --END-- [ RunTime:0.001171s ]

[ 2014-05-19T19:49:08+08:00 ] 0.0.0.0 /guahao_bootstrap_lock/index.php?m=room&a=json&rid=8&start=1398614400&end=1402243200&_=1400500146865
INFO: [ app_begin ] --START--
INFO: ReadHtmlCache Behavior ::run [ RunTime:0.001022s ]
INFO: [ app_begin ] --END-- [ RunTime:0.001157s ]
SQL: SHOW COLUMNS FROM `j_setting` [ RunTime:0.001583s ]
SQL: SELECT * FROM `j_setting`  [ RunTime:0.000230s ]
SQL: SHOW COLUMNS FROM `j_schedule` [ RunTime:0.001611s ]
SQL: SHOW COLUMNS FROM `j_appoint` [ RunTime:0.001628s ]
SQL: SHOW COLUMNS FROM `j_room` [ RunTime:0.001616s ]
SQL: SELECT * FROM `j_room` WHERE ( `rid` = 8 ) LIMIT 1   [ RunTime:0.000219s ]
SQL: SELECT SUM(`limit`) AS tp_sum FROM `j_schedule` WHERE ( `rid` = 8 ) AND ( `week` = '周三' ) LIMIT 1   [ RunTime:0.000223s ]
SQL: SELECT COUNT(aid) AS tp_count FROM `j_appoint` WHERE ( `rid` = 8 ) AND ( `day` = '2014-06-18' ) LIMIT 1   [ RunTime:0.000509s ]

[ 2014-05-19T19:49:09+08:00 ] 0.0.0.0 /guahao_bootstrap_lock/index.php?m=room&a=json&rid=8&start=1401033600&end=1404662400&_=1400500146866
INFO: [ app_begin ] --START--
INFO: ReadHtmlCache Behavior ::run [ RunTime:0.000737s ]
INFO: [ app_begin ] --END-- [ RunTime:0.000854s ]
SQL: SHOW COLUMNS FROM `j_setting` [ RunTime:0.001590s ]
SQL: SELECT * FROM `j_setting`  [ RunTime:0.000249s ]
SQL: SHOW COLUMNS FROM `j_schedule` [ RunTime:0.001619s ]
SQL: SHOW COLUMNS FROM `j_appoint` [ RunTime:0.001692s ]
SQL: SHOW COLUMNS FROM `j_room` [ RunTime:0.001544s ]
SQL: SELECT * FROM `j_room` WHERE ( `rid` = 8 ) LIMIT 1   [ RunTime:0.000265s ]
SQL: SELECT SUM(`limit`) AS tp_sum FROM `j_schedule` WHERE ( `rid` = 8 ) AND ( `week` = '周三' ) LIMIT 1   [ RunTime:0.000280s ]
SQL: SELECT COUNT(aid) AS tp_count FROM `j_appoint` WHERE ( `rid` = 8 ) AND ( `day` = '2014-06-18' ) LIMIT 1   [ RunTime:0.000526s ]

[ 2014-05-19T19:49:22+08:00 ] 0.0.0.0 /guahao_bootstrap_lock/index.php?m=room&a=getappoint&rid=8&day=2014-06-18&week=%E5%91%A8%E4%B8%89&rid=8
INFO: [ app_begin ] --START--
INFO: ReadHtmlCache Behavior ::run [ RunTime:0.001386s ]
INFO: [ app_begin ] --END-- [ RunTime:0.001597s ]
SQL: SHOW COLUMNS FROM `j_setting` [ RunTime:0.003514s ]
SQL: SELECT * FROM `j_setting`  [ RunTime:0.000452s ]
SQL: SHOW COLUMNS FROM `j_schedule` [ RunTime:0.003824s ]
SQL: SELECT * FROM `j_schedule` LEFT JOIN j_doctor ON j_schedule.did = j_doctor.did WHERE ( j_schedule.rid = '8' ) AND ( `week` = '周三' ) ORDER BY  week asc  [ RunTime:0.000574s ]
SQL: SHOW COLUMNS FROM `j_appoint` [ RunTime:0.003615s ]
SQL: SELECT COUNT(aid) AS tp_count FROM `j_appoint` WHERE ( `day` = '2014-06-18' ) AND ( `rid` = 8 ) AND ( `noon` = '上午' ) AND ( `did` = 10 ) LIMIT 1   [ RunTime:0.001306s ]
SQL: SELECT * FROM `j_appoint` WHERE ( j_schedule.rid = '8' ) AND ( `day` = '2014-06-18' )  [ RunTime:0.000290s ]
ERR: 1054:Unknown column 'j_schedule.rid' in 'where clause'
 [ SQL语句 ] : SELECT * FROM `j_appoint` WHERE ( j_schedule.rid = '8' ) AND ( `day` = '2014-06-18' ) 

[ 2014-05-19T19:53:15+08:00 ] 0.0.0.0 /guahao_bootstrap_lock/index.php?m=room&a=detail&rid=8&name=椎间盘
INFO: [ app_begin ] --START--
INFO: ReadHtmlCache Behavior ::run [ RunTime:0.000664s ]
INFO: [ app_begin ] --END-- [ RunTime:0.000783s ]
SQL: SHOW COLUMNS FROM `j_setting` [ RunTime:0.003188s ]
SQL: SELECT * FROM `j_setting`  [ RunTime:0.000441s ]
SQL: SHOW COLUMNS FROM `j_appoint` [ RunTime:0.003208s ]
SQL: SELECT COUNT(aid) AS tp_count FROM `j_appoint` WHERE ( `uid` = '712' ) AND ( `addtime` >= 1400428800 ) LIMIT 1   [ RunTime:0.000888s ]
INFO: [ view_parse ] --START--
INFO: ParseTemplate Behavior ::run [ RunTime:0.025986s ]
INFO: [ view_parse ] --END-- [ RunTime:0.026173s ]
INFO: [ view_filter ] --START--
INFO: ContentReplace Behavior ::run [ RunTime:0.000829s ]
INFO: TokenBuild Behavior ::run [ RunTime:0.000678s ]
INFO: WriteHtmlCache Behavior ::run [ RunTime:0.000479s ]
INFO: ShowRuntime Behavior ::run [ RunTime:0.000725s ]
INFO: [ view_filter ] --END-- [ RunTime:0.003025s ]
INFO: [ view_end ] --START--
INFO: ShowPageTrace Behavior ::run [ RunTime:0.001023s ]
INFO: [ view_end ] --END-- [ RunTime:0.001143s ]

[ 2014-05-19T19:53:16+08:00 ] 0.0.0.0 /guahao_bootstrap_lock/index.php?m=room&a=json&rid=8&start=1398614400&end=1402243200&_=1400500395194
INFO: [ app_begin ] --START--
INFO: ReadHtmlCache Behavior ::run [ RunTime:0.001109s ]
INFO: [ app_begin ] --END-- [ RunTime:0.001324s ]
SQL: SHOW COLUMNS FROM `j_setting` [ RunTime:0.001807s ]
SQL: SELECT * FROM `j_setting`  [ RunTime:0.000219s ]
SQL: SHOW COLUMNS FROM `j_schedule` [ RunTime:0.001550s ]
SQL: SHOW COLUMNS FROM `j_appoint` [ RunTime:0.001762s ]
SQL: SHOW COLUMNS FROM `j_room` [ RunTime:0.001448s ]
SQL: SELECT * FROM `j_room` WHERE ( `rid` = 8 ) LIMIT 1   [ RunTime:0.000614s ]
SQL: SELECT SUM(`limit`) AS tp_sum FROM `j_schedule` WHERE ( `rid` = 8 ) AND ( `week` = '周三' ) LIMIT 1   [ RunTime:0.000241s ]
SQL: SELECT COUNT(aid) AS tp_count FROM `j_appoint` WHERE ( `rid` = 8 ) AND ( `day` = '2014-06-18' ) LIMIT 1   [ RunTime:0.000488s ]

[ 2014-05-19T19:53:17+08:00 ] 0.0.0.0 /guahao_bootstrap_lock/index.php?m=room&a=json&rid=8&start=1401033600&end=1404662400&_=1400500395195
INFO: [ app_begin ] --START--
INFO: ReadHtmlCache Behavior ::run [ RunTime:0.000750s ]
INFO: [ app_begin ] --END-- [ RunTime:0.000863s ]
SQL: SHOW COLUMNS FROM `j_setting` [ RunTime:0.003384s ]
SQL: SELECT * FROM `j_setting`  [ RunTime:0.000849s ]
SQL: SHOW COLUMNS FROM `j_schedule` [ RunTime:0.003637s ]
SQL: SHOW COLUMNS FROM `j_appoint` [ RunTime:0.004225s ]
SQL: SHOW COLUMNS FROM `j_room` [ RunTime:0.003482s ]
SQL: SELECT * FROM `j_room` WHERE ( `rid` = 8 ) LIMIT 1   [ RunTime:0.000454s ]
SQL: SELECT SUM(`limit`) AS tp_sum FROM `j_schedule` WHERE ( `rid` = 8 ) AND ( `week` = '周三' ) LIMIT 1   [ RunTime:0.000430s ]
SQL: SELECT COUNT(aid) AS tp_count FROM `j_appoint` WHERE ( `rid` = 8 ) AND ( `day` = '2014-06-18' ) LIMIT 1   [ RunTime:0.001138s ]

[ 2014-05-19T19:53:20+08:00 ] 0.0.0.0 /guahao_bootstrap_lock/index.php?m=room&a=getappoint&rid=8&day=2014-06-18&week=%E5%91%A8%E4%B8%89&rid=8
INFO: [ app_begin ] --START--
INFO: ReadHtmlCache Behavior ::run [ RunTime:0.000778s ]
INFO: [ app_begin ] --END-- [ RunTime:0.000907s ]
SQL: SHOW COLUMNS FROM `j_setting` [ RunTime:0.003454s ]
SQL: SELECT * FROM `j_setting`  [ RunTime:0.000650s ]
SQL: SHOW COLUMNS FROM `j_schedule` [ RunTime:0.003861s ]
SQL: SELECT * FROM `j_schedule` LEFT JOIN j_doctor ON j_schedule.did = j_doctor.did WHERE ( j_schedule.rid = '8' ) AND ( `week` = '周三' ) ORDER BY  week asc  [ RunTime:0.000568s ]
SQL: SHOW COLUMNS FROM `j_appoint` [ RunTime:0.003078s ]
SQL: SELECT COUNT(aid) AS tp_count FROM `j_appoint` WHERE ( `day` = '2014-06-18' ) AND ( `rid` = 8 ) AND ( `noon` = '上午' ) AND ( `did` = 10 ) LIMIT 1   [ RunTime:0.001039s ]
SQL: SELECT * FROM `j_appoint` WHERE ( j_schedule.rid = '8' ) AND ( `day` = '2014-06-18' )  [ RunTime:0.000467s ]
ERR: 1054:Unknown column 'j_schedule.rid' in 'where clause'
 [ SQL语句 ] : SELECT * FROM `j_appoint` WHERE ( j_schedule.rid = '8' ) AND ( `day` = '2014-06-18' ) 

[ 2014-05-19T20:43:33+08:00 ] 0.0.0.0 /guahao_bootstrap_lock/
INFO: [ app_begin ] --START--
INFO: ReadHtmlCache Behavior ::run [ RunTime:0.001278s ]
INFO: [ app_begin ] --END-- [ RunTime:0.001486s ]
SQL: SHOW COLUMNS FROM `j_setting` [ RunTime:0.003808s ]
SQL: SELECT * FROM `j_setting`  [ RunTime:0.000478s ]
INFO: [ view_parse ] --START--
INFO: ParseTemplate Behavior ::run [ RunTime:0.329624s ]
INFO: [ view_parse ] --END-- [ RunTime:0.329923s ]
INFO: [ view_filter ] --START--
INFO: ContentReplace Behavior ::run [ RunTime:0.001448s ]
INFO: TokenBuild Behavior ::run [ RunTime:0.001434s ]
INFO: WriteHtmlCache Behavior ::run [ RunTime:0.001004s ]
INFO: ShowRuntime Behavior ::run [ RunTime:0.001369s ]
INFO: [ view_filter ] --END-- [ RunTime:0.006463s ]
INFO: [ view_end ] --START--
INFO: ShowPageTrace Behavior ::run [ RunTime:0.001389s ]
INFO: [ view_end ] --END-- [ RunTime:0.001633s ]

[ 2014-05-19T20:43:34+08:00 ] 0.0.0.0 /guahao_bootstrap_lock/index.php?m=public&a=verify
INFO: [ app_begin ] --START--
INFO: ReadHtmlCache Behavior ::run [ RunTime:0.000997s ]
INFO: [ app_begin ] --END-- [ RunTime:0.001234s ]
SQL: SHOW COLUMNS FROM `j_setting` [ RunTime:0.003601s ]
SQL: SELECT * FROM `j_setting`  [ RunTime:0.000509s ]
NOTIC: [8] ob_clean() [<a href='ref.outcontrol'>ref.outcontrol</a>]: failed to delete buffer. No buffer to delete D:\wamp\www\guahao_bootstrap_lock\Home\Lib\ORG\Util\Image.class.php 第 558 行.

[ 2014-05-19T20:43:45+08:00 ] 0.0.0.0 /guahao_bootstrap_lock/index.php?m=public&a=checkLogin
INFO: [ app_begin ] --START--
INFO: ReadHtmlCache Behavior ::run [ RunTime:0.001055s ]
INFO: [ app_begin ] --END-- [ RunTime:0.001208s ]
SQL: SHOW COLUMNS FROM `j_setting` [ RunTime:0.003538s ]
SQL: SELECT * FROM `j_setting`  [ RunTime:0.000532s ]
SQL: SHOW COLUMNS FROM `j_user` [ RunTime:0.004386s ]
SQL: SELECT * FROM `j_user` WHERE ( `username` = 'ceshi01' ) AND ( `status` = 0 ) LIMIT 1   [ RunTime:0.001267s ]
NOTIC: [8] Undefined index:  D:\wamp\www\guahao_bootstrap_lock\Home\Lib\ORG\Util\RBAC.class.php 第 97 行.
SQL: select node.id,node.name from  as role, as user, as access , as node where user.user_id='712' and user.role_id=role.id and ( access.role_id=role.id  or (access.role_id=role.pid and role.pid!=0 ) ) and role.status=1 and access.node_id=node.id and node.level=1 and node.status=1 [ RunTime:0.000277s ]
ERR: 1064:You have an error in your SQL syntax; check the manual that corresponds to your MySQL server version for the right syntax to use near 'as role, as user, as access , as node where user.user_id='712' and user.role_id=' at line 1
 [ SQL语句 ] : select node.id,node.name from  as role, as user, as access , as node where user.user_id='712' and user.role_id=role.id and ( access.role_id=role.id  or (access.role_id=role.pid and role.pid!=0 ) ) and role.status=1 and access.node_id=node.id and node.level=1 and node.status=1
NOTIC: [2] Invalid argument supplied for foreach() D:\wamp\www\guahao_bootstrap_lock\Home\Lib\ORG\Util\RBAC.class.php 第 226 行.

[ 2014-05-19T20:43:46+08:00 ] 0.0.0.0 /guahao_bootstrap_lock/index.php?m=room&a=index
INFO: [ app_begin ] --START--
INFO: ReadHtmlCache Behavior ::run [ RunTime:0.000910s ]
INFO: [ app_begin ] --END-- [ RunTime:0.001071s ]
SQL: SHOW COLUMNS FROM `j_setting` [ RunTime:0.003531s ]
SQL: SELECT * FROM `j_setting`  [ RunTime:0.000482s ]
SQL: SHOW COLUMNS FROM `j_room` [ RunTime:0.003938s ]
NOTIC: [8] Undefined variable: sortBy D:\wamp\www\guahao_bootstrap_lock\Home\Lib\Action\BaseAction.class.php 第 57 行.
SQL: SELECT COUNT(*) AS tp_count FROM `j_room` LIMIT 1   [ RunTime:0.000362s ]
SQL: SELECT * FROM `j_room` LIMIT 0,10   [ RunTime:0.000667s ]
INFO: [ view_parse ] --START--
INFO: ParseTemplate Behavior ::run [ RunTime:0.017770s ]
INFO: [ view_parse ] --END-- [ RunTime:0.018000s ]
INFO: [ view_filter ] --START--
INFO: ContentReplace Behavior ::run [ RunTime:0.000812s ]
INFO: TokenBuild Behavior ::run [ RunTime:0.000687s ]
INFO: WriteHtmlCache Behavior ::run [ RunTime:0.000495s ]
INFO: ShowRuntime Behavior ::run [ RunTime:0.000708s ]
INFO: [ view_filter ] --END-- [ RunTime:0.003115s ]
INFO: [ view_end ] --START--
INFO: ShowPageTrace Behavior ::run [ RunTime:0.000760s ]
INFO: [ view_end ] --END-- [ RunTime:0.000880s ]

[ 2014-05-19T20:43:48+08:00 ] 0.0.0.0 /guahao_bootstrap_lock/index.php?m=public&a=checkLogin
INFO: [ app_begin ] --START--
INFO: ReadHtmlCache Behavior ::run [ RunTime:0.000571s ]
INFO: [ app_begin ] --END-- [ RunTime:0.000675s ]
SQL: SHOW COLUMNS FROM `j_setting` [ RunTime:0.003663s ]
SQL: SELECT * FROM `j_setting`  [ RunTime:0.000482s ]
SQL: SHOW COLUMNS FROM `j_user` [ RunTime:0.003923s ]
SQL: SELECT * FROM `j_user` WHERE ( `username` = 'ceshi01' ) AND ( `status` = 0 ) LIMIT 1   [ RunTime:0.001174s ]
NOTIC: [8] Undefined index:  D:\wamp\www\guahao_bootstrap_lock\Home\Lib\ORG\Util\RBAC.class.php 第 97 行.
SQL: select node.id,node.name from  as role, as user, as access , as node where user.user_id='712' and user.role_id=role.id and ( access.role_id=role.id  or (access.role_id=role.pid and role.pid!=0 ) ) and role.status=1 and access.node_id=node.id and node.level=1 and node.status=1 [ RunTime:0.000236s ]
ERR: 1064:You have an error in your SQL syntax; check the manual that corresponds to your MySQL server version for the right syntax to use near 'as role, as user, as access , as node where user.user_id='712' and user.role_id=' at line 1
 [ SQL语句 ] : select node.id,node.name from  as role, as user, as access , as node where user.user_id='712' and user.role_id=role.id and ( access.role_id=role.id  or (access.role_id=role.pid and role.pid!=0 ) ) and role.status=1 and access.node_id=node.id and node.level=1 and node.status=1
NOTIC: [2] Invalid argument supplied for foreach() D:\wamp\www\guahao_bootstrap_lock\Home\Lib\ORG\Util\RBAC.class.php 第 226 行.

[ 2014-05-19T20:43:51+08:00 ] 0.0.0.0 /guahao_bootstrap_lock/index.php?m=appoint&a=index&state=0
INFO: [ app_begin ] --START--
INFO: ReadHtmlCache Behavior ::run [ RunTime:0.000689s ]
INFO: [ app_begin ] --END-- [ RunTime:0.000826s ]
SQL: SHOW COLUMNS FROM `j_setting` [ RunTime:0.003604s ]
SQL: SELECT * FROM `j_setting`  [ RunTime:0.000577s ]
SQL: SHOW COLUMNS FROM `j_appoint` [ RunTime:0.004922s ]
SQL: SHOW COLUMNS FROM `j_appoint` [ RunTime:0.003843s ]
SQL: SHOW COLUMNS FROM `j_user` [ RunTime:0.002681s ]
SQL: SHOW COLUMNS FROM `j_room` [ RunTime:0.002216s ]
SQL: SHOW COLUMNS FROM `j_doctor` [ RunTime:0.002171s ]
SQL: SELECT COUNT(*) AS tp_count FROM j_appoint appoint LEFT JOIN j_user user ON appoint.uid=user.uid LEFT JOIN j_room room ON appoint.rid=room.rid LEFT JOIN j_doctor doctor ON appoint.did=doctor.did WHERE ( user.uid = '712' ) LIMIT 1   [ RunTime:0.000754s ]
SQL: SELECT appoint.aid AS aid,appoint.day AS day,appoint.time AS time,appoint.state AS state,appoint.addtime AS addtime,user.uid AS uid,user.truename AS truename,user.id AS id,user.mobile AS mobile,user.birthday AS birthday,user.type AS sex,user.address AS address,room.rid AS rid,room.name AS name,room.img AS img,room.intro AS intro,doctor.did AS did,doctor.name AS dname,doctor.intro AS dintro,doctor.type AS dtype FROM j_appoint appoint LEFT JOIN j_user user ON appoint.uid=user.uid LEFT JOIN j_room room ON appoint.rid=room.rid LEFT JOIN j_doctor doctor ON appoint.did=doctor.did WHERE ( user.uid = '712' ) ORDER BY appoint.day desc LIMIT 0,10   [ RunTime:0.000805s ]
INFO: [ view_parse ] --START--
INFO: ParseTemplate Behavior ::run [ RunTime:0.021659s ]
INFO: [ view_parse ] --END-- [ RunTime:0.021842s ]
INFO: [ view_filter ] --START--
INFO: ContentReplace Behavior ::run [ RunTime:0.001185s ]
INFO: TokenBuild Behavior ::run [ RunTime:0.000978s ]
INFO: WriteHtmlCache Behavior ::run [ RunTime:0.000513s ]
INFO: ShowRuntime Behavior ::run [ RunTime:0.000868s ]
INFO: [ view_filter ] --END-- [ RunTime:0.004015s ]
INFO: [ view_end ] --START--
INFO: ShowPageTrace Behavior ::run [ RunTime:0.000881s ]
INFO: [ view_end ] --END-- [ RunTime:0.001022s ]

[ 2014-05-19T20:43:53+08:00 ] 0.0.0.0 /guahao_bootstrap_lock/index.php?m=room&a=index
INFO: [ app_begin ] --START--
INFO: ReadHtmlCache Behavior ::run [ RunTime:0.000542s ]
INFO: [ app_begin ] --END-- [ RunTime:0.000653s ]
SQL: SHOW COLUMNS FROM `j_setting` [ RunTime:0.003594s ]
SQL: SELECT * FROM `j_setting`  [ RunTime:0.000569s ]
SQL: SHOW COLUMNS FROM `j_room` [ RunTime:0.003652s ]
NOTIC: [8] Undefined variable: sortBy D:\wamp\www\guahao_bootstrap_lock\Home\Lib\Action\BaseAction.class.php 第 57 行.
SQL: SELECT COUNT(*) AS tp_count FROM `j_room` LIMIT 1   [ RunTime:0.000343s ]
SQL: SELECT * FROM `j_room` LIMIT 0,10   [ RunTime:0.000340s ]
INFO: [ view_parse ] --START--
INFO: ParseTemplate Behavior ::run [ RunTime:0.028618s ]
INFO: [ view_parse ] --END-- [ RunTime:0.028835s ]
INFO: [ view_filter ] --START--
INFO: ContentReplace Behavior ::run [ RunTime:0.000708s ]
INFO: TokenBuild Behavior ::run [ RunTime:0.000594s ]
INFO: WriteHtmlCache Behavior ::run [ RunTime:0.000428s ]
INFO: ShowRuntime Behavior ::run [ RunTime:0.000686s ]
INFO: [ view_filter ] --END-- [ RunTime:0.002790s ]
INFO: [ view_end ] --START--
INFO: ShowPageTrace Behavior ::run [ RunTime:0.000829s ]
INFO: [ view_end ] --END-- [ RunTime:0.001041s ]

[ 2014-05-19T20:43:55+08:00 ] 0.0.0.0 /guahao_bootstrap_lock/index.php?m=room&a=detail&rid=8&name=椎间盘
INFO: [ app_begin ] --START--
INFO: ReadHtmlCache Behavior ::run [ RunTime:0.000558s ]
INFO: [ app_begin ] --END-- [ RunTime:0.000669s ]
SQL: SHOW COLUMNS FROM `j_setting` [ RunTime:0.003586s ]
SQL: SELECT * FROM `j_setting`  [ RunTime:0.000524s ]
SQL: SHOW COLUMNS FROM `j_appoint` [ RunTime:0.003548s ]
SQL: SELECT COUNT(aid) AS tp_count FROM `j_appoint` WHERE ( `uid` = '712' ) AND ( `addtime` >= 1400428800 ) LIMIT 1   [ RunTime:0.000986s ]
INFO: [ view_parse ] --START--
INFO: ParseTemplate Behavior ::run [ RunTime:0.026869s ]
INFO: [ view_parse ] --END-- [ RunTime:0.027073s ]
INFO: [ view_filter ] --START--
INFO: ContentReplace Behavior ::run [ RunTime:0.000977s ]
INFO: TokenBuild Behavior ::run [ RunTime:0.000686s ]
INFO: WriteHtmlCache Behavior ::run [ RunTime:0.000444s ]
INFO: ShowRuntime Behavior ::run [ RunTime:0.000717s ]
INFO: [ view_filter ] --END-- [ RunTime:0.003184s ]
INFO: [ view_end ] --START--
INFO: ShowPageTrace Behavior ::run [ RunTime:0.000838s ]
INFO: [ view_end ] --END-- [ RunTime:0.000961s ]

[ 2014-05-19T20:43:56+08:00 ] 0.0.0.0 /guahao_bootstrap_lock/index.php?m=room&a=json&rid=8&start=1398614400&end=1402243200&_=1400503435814
INFO: [ app_begin ] --START--
INFO: ReadHtmlCache Behavior ::run [ RunTime:0.001028s ]
INFO: [ app_begin ] --END-- [ RunTime:0.001233s ]
SQL: SHOW COLUMNS FROM `j_setting` [ RunTime:0.004235s ]
SQL: SELECT * FROM `j_setting`  [ RunTime:0.000562s ]
SQL: SHOW COLUMNS FROM `j_schedule` [ RunTime:0.004372s ]
SQL: SHOW COLUMNS FROM `j_appoint` [ RunTime:0.003605s ]
SQL: SHOW COLUMNS FROM `j_room` [ RunTime:0.003917s ]
SQL: SELECT * FROM `j_room` WHERE ( `rid` = 8 ) LIMIT 1   [ RunTime:0.000435s ]
SQL: SELECT SUM(`limit`) AS tp_sum FROM `j_schedule` WHERE ( `rid` = 8 ) AND ( `week` = '周三' ) LIMIT 1   [ RunTime:0.000444s ]
SQL: SELECT COUNT(aid) AS tp_count FROM `j_appoint` WHERE ( `rid` = 8 ) AND ( `day` = '2014-06-18' ) LIMIT 1   [ RunTime:0.001127s ]

[ 2014-05-19T20:43:58+08:00 ] 0.0.0.0 /guahao_bootstrap_lock/index.php?m=room&a=json&rid=8&start=1401033600&end=1404662400&_=1400503435815
INFO: [ app_begin ] --START--
INFO: ReadHtmlCache Behavior ::run [ RunTime:0.001072s ]
INFO: [ app_begin ] --END-- [ RunTime:0.001293s ]
SQL: SHOW COLUMNS FROM `j_setting` [ RunTime:0.004036s ]
SQL: SELECT * FROM `j_setting`  [ RunTime:0.000497s ]
SQL: SHOW COLUMNS FROM `j_schedule` [ RunTime:0.003695s ]
SQL: SHOW COLUMNS FROM `j_appoint` [ RunTime:0.003624s ]
SQL: SHOW COLUMNS FROM `j_room` [ RunTime:0.003904s ]
SQL: SELECT * FROM `j_room` WHERE ( `rid` = 8 ) LIMIT 1   [ RunTime:0.000465s ]
SQL: SELECT SUM(`limit`) AS tp_sum FROM `j_schedule` WHERE ( `rid` = 8 ) AND ( `week` = '周三' ) LIMIT 1   [ RunTime:0.000406s ]
SQL: SELECT COUNT(aid) AS tp_count FROM `j_appoint` WHERE ( `rid` = 8 ) AND ( `day` = '2014-06-18' ) LIMIT 1   [ RunTime:0.001049s ]

[ 2014-05-19T20:44:00+08:00 ] 0.0.0.0 /guahao_bootstrap_lock/index.php?m=room&a=getappoint&rid=8&day=2014-06-18&week=%E5%91%A8%E4%B8%89&rid=8
INFO: [ app_begin ] --START--
INFO: ReadHtmlCache Behavior ::run [ RunTime:0.000692s ]
INFO: [ app_begin ] --END-- [ RunTime:0.000802s ]
SQL: SHOW COLUMNS FROM `j_setting` [ RunTime:0.003435s ]
SQL: SELECT * FROM `j_setting`  [ RunTime:0.000519s ]
SQL: SHOW COLUMNS FROM `j_schedule` [ RunTime:0.003545s ]
SQL: SELECT * FROM `j_schedule` LEFT JOIN j_doctor ON j_schedule.did = j_doctor.did WHERE ( j_schedule.rid = '8' ) AND ( `week` = '周三' ) ORDER BY  week asc  [ RunTime:0.000610s ]
SQL: SHOW COLUMNS FROM `j_appoint` [ RunTime:0.004523s ]
SQL: SELECT COUNT(aid) AS tp_count FROM `j_appoint` WHERE ( `day` = '2014-06-18' ) AND ( `rid` = 8 ) AND ( `noon` = '上午' ) AND ( `did` = 10 ) LIMIT 1   [ RunTime:0.001277s ]
SQL: SELECT * FROM `j_appoint` WHERE ( j_schedule.rid = '8' ) AND ( `day` = '2014-06-18' )  [ RunTime:0.000311s ]
ERR: 1054:Unknown column 'j_schedule.rid' in 'where clause'
 [ SQL语句 ] : SELECT * FROM `j_appoint` WHERE ( j_schedule.rid = '8' ) AND ( `day` = '2014-06-18' ) 

[ 2014-05-19T20:44:03+08:00 ] 0.0.0.0 /guahao_bootstrap_lock/index.php?m=appoint&a=ajaxsave&uid=712&rid=8&did=10&day=2014-06-18&noon=上午&time=09:00&name=王鸿&roomname=椎间盘
INFO: [ app_begin ] --START--
INFO: ReadHtmlCache Behavior ::run [ RunTime:0.000724s ]
INFO: [ app_begin ] --END-- [ RunTime:0.000869s ]
SQL: SHOW COLUMNS FROM `j_setting` [ RunTime:0.003771s ]
SQL: SELECT * FROM `j_setting`  [ RunTime:0.000522s ]
SQL: SHOW COLUMNS FROM `j_appoint` [ RunTime:0.003707s ]
SQL: INSERT INTO `j_appoint` (`uid`,`rid`,`did`,`day`,`noon`,`time`,`addtime`,`state`) VALUES ('712',8,10,'2014-06-18','上午','09:00',1400503443,1) [ RunTime:0.000509s ]
SQL: SHOW COLUMNS FROM `j_setting` [ RunTime:0.003296s ]
SQL: SELECT * FROM `j_setting` WHERE ( `skey` = 'smstpl' ) LIMIT 1   [ RunTime:0.000477s ]
SQL: SHOW COLUMNS FROM `j_user` [ RunTime:0.004097s ]
SQL: SELECT * FROM `j_user` WHERE ( `uid` = 712 ) LIMIT 1   [ RunTime:0.000486s ]
NOTIC: [8] Undefined variable: result D:\wamp\www\guahao_bootstrap_lock\Home\Lib\Action\AppointAction.class.php 第 40 行.
SQL: SHOW COLUMNS FROM `j_sms` [ RunTime:0.003578s ]
SQL: INSERT INTO `j_sms` (`mobile`,`content`,`state`) VALUES ('13866663333','  尊敬的ceshi01您好，您预约了2014-06-18椎间盘科 王鸿 医师，请您携带本人身份证于7:30前到院领号！过时无效【绍兴瑞金医院】',0) [ RunTime:0.000567s ]
INFO: [ view_parse ] --START--
INFO: ParseTemplate Behavior ::run [ RunTime:0.017002s ]
INFO: [ view_parse ] --END-- [ RunTime:0.017289s ]
INFO: [ view_filter ] --START--
INFO: ContentReplace Behavior ::run [ RunTime:0.001149s ]
INFO: TokenBuild Behavior ::run [ RunTime:0.001215s ]
INFO: WriteHtmlCache Behavior ::run [ RunTime:0.000608s ]
INFO: ShowRuntime Behavior ::run [ RunTime:0.000723s ]
INFO: [ view_filter ] --END-- [ RunTime:0.004276s ]
INFO: [ view_end ] --START--
INFO: ShowPageTrace Behavior ::run [ RunTime:0.000812s ]
INFO: [ view_end ] --END-- [ RunTime:0.000946s ]

[ 2014-05-19T20:44:05+08:00 ] 0.0.0.0 /guahao_bootstrap_lock/index.php?m=room&a=detail&rid=8&name=椎间盘
INFO: [ app_begin ] --START--
INFO: ReadHtmlCache Behavior ::run [ RunTime:0.001442s ]
INFO: [ app_begin ] --END-- [ RunTime:0.001717s ]
SQL: SHOW COLUMNS FROM `j_setting` [ RunTime:0.003578s ]
SQL: SELECT * FROM `j_setting`  [ RunTime:0.000898s ]
SQL: SHOW COLUMNS FROM `j_appoint` [ RunTime:0.003836s ]
SQL: SELECT COUNT(aid) AS tp_count FROM `j_appoint` WHERE ( `uid` = '712' ) AND ( `addtime` >= 1400428800 ) LIMIT 1   [ RunTime:0.001002s ]
INFO: [ view_parse ] --START--
INFO: ParseTemplate Behavior ::run [ RunTime:0.026354s ]
INFO: [ view_parse ] --END-- [ RunTime:0.026594s ]
INFO: [ view_filter ] --START--
INFO: ContentReplace Behavior ::run [ RunTime:0.000763s ]
INFO: TokenBuild Behavior ::run [ RunTime:0.000623s ]
INFO: WriteHtmlCache Behavior ::run [ RunTime:0.000435s ]
INFO: ShowRuntime Behavior ::run [ RunTime:0.000717s ]
INFO: [ view_filter ] --END-- [ RunTime:0.002899s ]
INFO: [ view_end ] --START--
INFO: ShowPageTrace Behavior ::run [ RunTime:0.000808s ]
INFO: [ view_end ] --END-- [ RunTime:0.000930s ]

